This is pdfeTeX, Version 3.141592-1.21a-2.2 (Web2C 7.5.4) (format=pdftex 2006.9.21)  24 NOV 2006 15:03
entering extended mode
**manual
(./manual.tex (../../../doc/gapmacro.tex
(/usr/share/texmf/tex/plain/amsfonts/amssym.tex
(/usr/share/texmf/tex/plain/amsfonts/amssym.def
\msafam=\fam8
\msbfam=\fam9
\eufmfam=\fam10
))
Running PDFTeX
\pagewidth=\dimen16
\pageheight=\dimen17
\colwidth=\dimen18
\partialpage=\box16
\origvsize=\dimen19
\manindent=\dimen20
\smallmanindent=\dimen21
\msbfam=\fam11
\labelout=\write0
\indexout=\write1
\secindout=\write2
\tocout=\write3
\citeout=\write4
\ans=\write5
\labelin=\read0
\indexin=\read1
\tocin=\read2
\citein=\read3
\secno=\count26
\subsecno=\count27
\exno=\count28
\indentno=\count29
\chapnum=\count30
\ortoks=\toks12
) (../../../doc/ext/manual.lab) (../../../doc/ref/manual.lab)
No file ../../gapdoc/doc/manual.lab.
[1{/usr/share/texmf-var/fonts/map/pdftex/updmap/pdftex.map}]
\makelabel{radiroot:Contents}{{\setbox 0=\hbox {1}\vrule width 0pt height\ht 0}
}
Chapter `Contents' .
(./manual.toc) [2.1
\chapcontents {\tocstrut }{Contents}{2}
] (./manual.lab)
\openout3 = `manual.toc'.

\openout0 = `manual.lab'.

\openout1 = `manual.idx'.

\openout2 = `manual.six'.

\openout4 = `manual.aux'.

 (./intro.tex
Chapter `Introduction' .
) (./radiroot.tex [3.1]
Chapter `Functionality of the Package' .
[4.2] [5.2] [6.2]) (./info.tex [7.2]
Chapter `The Info Class of the Package' .
) (./install.tex [8.3]
Chapter `Installation' .
) [9.4]
Chapter `Bibliography' .
(./manual.bbl) [10.5]
Chapter `Index' .
(./manual.ind) [11.6]
##
## Citations for BibTeX written on manual.aux.
## Index entries for makeindex written on manual.idx.
## Section index entries written on manual.six.
## Label definitions written on manual.lab.
## Table of contents written on manual.toc.
##
 )</usr/share/texmf/fonts/type1/bluesky/cm/cmsl10.pfb></usr/share/texmf/fonts/t
ype1/bluesky/cm/cmmi7.pfb></usr/share/texmf/fonts/type1/bluesky/cm/cmtt10.pfb><
/usr/share/texmf/fonts/type1/bluesky/symbols/msam7.pfb></usr/share/texmf/fonts/
type1/bluesky/cm/cmr8.pfb></usr/share/texmf/fonts/type1/bluesky/cm/cmss10.pfb><
/usr/share/texmf/fonts/type1/bluesky/cm/cmsy7.pfb></usr/share/texmf/fonts/type1
/bluesky/cm/cmex10.pfb></usr/share/texmf/fonts/type1/bluesky/cm/cmr7.pfb></usr/
share/texmf/fonts/type1/bluesky/cm/cmti10.pfb></usr/share/texmf/fonts/type1/blu
esky/cm/cmsy10.pfb></usr/share/texmf/fonts/type1/bluesky/cm/cmmi10.pfb></usr/sh
are/texmf/fonts/type1/bluesky/cm/cminch.pfb></usr/share/texmf/fonts/type1/blues
ky/cm/cmbx10.pfb></usr/share/texmf/fonts/type1/bluesky/cm/cmr10.pfb></usr/share
/texmf/fonts/type1/bluesky/cm/cmssdc10.pfb>
Output written on manual.pdf (11 pages, 129017 bytes).
